Arguments: 
  C:\Program Files\nodejs\node.exe C:\Users\Wardormeur\AppData\Roaming\npm\node_modules\yarn\bin\yarn.js add https://github.com/bluewatertracks/bwt-datatable

PATH: 
  C:\Python27\;C:\Python27\Scripts;C:\WINDOWS\system32;C:\WINDOWS;C:\WINDOWS\System32\Wbem;C:\WINDOWS\System32\WindowsPowerShell\v1.0\;C:\WINDOWS\System32\OpenSSH\;C:\Program Files\nodejs\;C:\ProgramData\chocolatey\bin;C:\Program Files\Git\cmd;C:\Program Files\Git\mingw64\bin;C:\Program Files\Git\usr\bin;C:\Users\Wardormeur\AppData\Local\GitHubDesktop\bin;C:\Users\Wardormeur\AppData\Local\Microsoft\WindowsApps;C:\Users\Wardormeur\AppData\Local\atom\bin;C:\Users\Wardormeur\AppData\Roaming\npm;C:\Users\Wardormeur\AppData\Local\yarn\bin;

Yarn version: 
  1.16.0

Node version: 
  12.3.1

Platform: 
  win32 x64

Trace: 
  Error: EPERM: operation not permitted, lstat 'C:\Users\Wardormeur\Documents\webSearch\node_modules\bwt-datatable'

npm manifest: 
  {
    "name": "websearch",
    "version": "1.0.0",
    "description": "",
    "main": "index.js",
    "directories": {
      "lib": "lib"
    },
    "scripts": {
      "test": "echo \"Error: no test specified\" && exit 1"
    },
    "repository": {
      "type": "git",
      "url": "git+https://github.com/Wardormeur/searchCuration.git"
    },
    "author": "",
    "license": "ISC",
    "bugs": {
      "url": "https://github.com/Wardormeur/searchCuration/issues"
    },
    "homepage": "https://github.com/Wardormeur/searchCuration#readme",
    "dependencies": {
      "@webcomponents/webcomponentsjs": "^2.2.10"
    }
  }

yarn manifest: 
  No manifest

Lockfile: 
  # THIS IS AN AUTOGENERATED FILE. DO NOT EDIT THIS FILE DIRECTLY.
  # yarn lockfile v1
  
  
  "@webcomponents/webcomponentsjs@^2.2.10":
    version "2.2.10"
    resolved "https://registry.yarnpkg.com/@webcomponents/webcomponentsjs/-/webcomponentsjs-2.2.10.tgz#6f6bee0277833ae98d7e5b46f1e0fdb48cd5ff44"
    integrity sha512-5dzhUhP+h0qMiK0IWb7VNb0OGBoXO3AuI6Qi8t9PoKT50s5L1jv0xnwnLq+cFgPuTB8FLTNP8xIDmyoOsKBy9Q==
